2019-01-16 13:13:25,204 INFO o.a.j.u.JMeterUtils: Setting Locale to en_EN
2019-01-16 13:13:25,322 INFO o.a.j.JMeter: Loading user properties from: C:\Users\Admin\Downloads\apache-jmeter-5.0\apache-jmeter-5.0\bin\user.properties
2019-01-16 13:13:25,322 INFO o.a.j.JMeter: Loading system properties from: C:\Users\Admin\Downloads\apache-jmeter-5.0\apache-jmeter-5.0\bin\system.properties
2019-01-16 13:13:25,353 INFO o.a.j.JMeter: Copyright (c) 1998-2018 The Apache Software Foundation
2019-01-16 13:13:25,353 INFO o.a.j.JMeter: Version 5.0 r1840935
2019-01-16 13:13:25,353 INFO o.a.j.JMeter: java.version=1.8.0_144
2019-01-16 13:13:25,353 INFO o.a.j.JMeter: java.vm.name=Java HotSpot(TM) 64-Bit Server VM
2019-01-16 13:13:25,353 INFO o.a.j.JMeter: os.name=Windows 7
2019-01-16 13:13:25,353 INFO o.a.j.JMeter: os.arch=amd64
2019-01-16 13:13:25,353 INFO o.a.j.JMeter: os.version=6.1
2019-01-16 13:13:25,353 INFO o.a.j.JMeter: file.encoding=Cp1252
2019-01-16 13:13:25,353 INFO o.a.j.JMeter: Max memory     =1073741824
2019-01-16 13:13:25,353 INFO o.a.j.JMeter: Available Processors =2
2019-01-16 13:13:25,369 INFO o.a.j.JMeter: Default Locale=English (EN)
2019-01-16 13:13:25,369 INFO o.a.j.JMeter: JMeter  Locale=English (EN)
2019-01-16 13:13:25,369 INFO o.a.j.JMeter: JMeterHome=C:\Users\Admin\Downloads\apache-jmeter-5.0\apache-jmeter-5.0
2019-01-16 13:13:25,369 INFO o.a.j.JMeter: user.dir  =C:\Users\Admin\eclipse-workspace2\ServiceAppln
2019-01-16 13:13:25,369 INFO o.a.j.JMeter: PWD       =C:\Users\Admin\eclipse-workspace2\ServiceAppln
2019-01-16 13:13:25,369 INFO o.a.j.JMeter: IP: 172.18.1.184 Name: Javafs FullName: 172.18.1.184
2019-01-16 13:13:26,186 INFO o.a.j.g.a.LookAndFeelCommand: Installing Darcula LAF
2019-01-16 13:13:26,217 INFO o.a.j.g.a.LookAndFeelCommand: Using look and feel: com.sun.java.swing.plaf.windows.WindowsLookAndFeel [Darcula]
2019-01-16 13:13:26,217 INFO o.a.j.JMeter: Setting LAF to: com.sun.java.swing.plaf.windows.WindowsLookAndFeel
2019-01-16 13:13:26,374 INFO o.a.j.JMeter: Loaded icon properties from org/apache/jmeter/images/icon.properties
2019-01-16 13:13:28,999 INFO o.a.j.e.u.CompoundVariable: Note: Function class names must contain the string: '.functions.'
2019-01-16 13:13:28,999 INFO o.a.j.e.u.CompoundVariable: Note: Function class names must not contain the string: '.gui.'
2019-01-16 13:13:36,096 INFO o.a.j.p.h.s.HTTPSamplerBase: Parser for text/html is org.apache.jmeter.protocol.http.parser.LagartoBasedHtmlParser
2019-01-16 13:13:36,096 INFO o.a.j.p.h.s.HTTPSamplerBase: Parser for application/xhtml+xml is org.apache.jmeter.protocol.http.parser.LagartoBasedHtmlParser
2019-01-16 13:13:36,096 INFO o.a.j.p.h.s.HTTPSamplerBase: Parser for application/xml is org.apache.jmeter.protocol.http.parser.LagartoBasedHtmlParser
2019-01-16 13:13:36,096 INFO o.a.j.p.h.s.HTTPSamplerBase: Parser for text/xml is org.apache.jmeter.protocol.http.parser.LagartoBasedHtmlParser
2019-01-16 13:13:36,096 INFO o.a.j.p.h.s.HTTPSamplerBase: Parser for text/vnd.wap.wml is org.apache.jmeter.protocol.http.parser.RegexpHTMLParser
2019-01-16 13:13:36,096 INFO o.a.j.p.h.s.HTTPSamplerBase: Parser for text/css is org.apache.jmeter.protocol.http.parser.CssParser
2019-01-16 13:13:37,144 INFO o.a.j.e.KeyToolUtils: keytool found at 'keytool'
2019-01-16 13:13:37,144 INFO o.a.j.p.h.p.ProxyControl: HTTP(S) Test Script Recorder SSL Proxy will use keys that support embedded 3rd party resources in file C:\Users\Admin\Downloads\apache-jmeter-5.0\apache-jmeter-5.0\bin\proxyserver.jks
2019-01-16 13:13:37,582 INFO o.a.j.s.FileServer: Default base='C:\Users\Admin\eclipse-workspace2\ServiceAppln'
2019-01-16 13:13:39,010 INFO o.a.j.s.SampleResult: Note: Sample TimeStamps are START times
2019-01-16 13:13:39,010 INFO o.a.j.s.SampleResult: sampleresult.default.encoding is set to ISO-8859-1
2019-01-16 13:13:39,010 INFO o.a.j.s.SampleResult: sampleresult.useNanoTime=true
2019-01-16 13:13:39,010 INFO o.a.j.s.SampleResult: sampleresult.nanoThreadSleep=5000
